Analysis & Synthesis report for timer
Wed Sep 04 18:32:12 2024
Quartus Prime Version 18.0.0 Build 614 04/24/2018 SJ Standard Edition


---------------------
; Table of Contents ;
---------------------
  1. Legal Notice
  2. Analysis & Synthesis Summary
  3. Analysis & Synthesis Settings
  4. Parallel Compilation
  5. Analysis & Synthesis Source Files Read
  6. Analysis & Synthesis Resource Usage Summary
  7. Analysis & Synthesis Resource Utilization by Entity
  8. General Register Statistics
  9. Multiplexer Restructuring Statistics (Restructuring Performed)
 10. Parameter Settings for User Entity Instance: key_debounce:u_key_debounce
 11. Port Connectivity Checks: "Count:u_Count|BCDcount99:u_BCDcount99|BCDcount9:u_BCDcount9_1"
 12. Port Connectivity Checks: "Count:u_Count|BCDcount59:u_BCDcount59_1|BCDcount5:u_BCDcount5"
 13. Port Connectivity Checks: "Count:u_Count|BCDcount59:u_BCDcount59_1"
 14. Post-Synthesis Netlist Statistics for Top Partition
 15. Elapsed Time Per Partition
 16. Analysis & Synthesis Messages
 17. Analysis & Synthesis Suppressed Messages



----------------
; Legal Notice ;
----------------
Copyright (C) 2018  Intel Corporation. All rights reserved.
Your use of Intel Corporation's design tools, logic functions 
and other software and tools, and its AMPP partner logic 
functions, and any output files from any of the foregoing 
(including device programming or simulation files), and any 
associated documentation or information are expressly subject 
to the terms and conditions of the Intel Program License 
Subscription Agreement, the Intel Quartus Prime License Agreement,
the Intel FPGA IP License Agreement, or other applicable license
agreement, including, without limitation, that your use is for
the sole purpose of programming logic devices manufactured by
Intel and sold by Intel or its authorized distributors.  Please
refer to the applicable agreement for further details.



+--------------------------------------------------------------------------------------+
; Analysis & Synthesis Summary                                                         ;
+------------------------------------+-------------------------------------------------+
; Analysis & Synthesis Status        ; Successful - Wed Sep 04 18:32:12 2024           ;
; Quartus Prime Version              ; 18.0.0 Build 614 04/24/2018 SJ Standard Edition ;
; Revision Name                      ; timer                                           ;
; Top-level Entity Name              ; timer                                           ;
; Family                             ; Cyclone IV E                                    ;
; Total logic elements               ; 132                                             ;
;     Total combinational functions  ; 132                                             ;
;     Dedicated logic registers      ; 54                                              ;
; Total registers                    ; 54                                              ;
; Total pins                         ; 45                                              ;
; Total virtual pins                 ; 0                                               ;
; Total memory bits                  ; 0                                               ;
; Embedded Multiplier 9-bit elements ; 0                                               ;
; Total PLLs                         ; 0                                               ;
+------------------------------------+-------------------------------------------------+


+------------------------------------------------------------------------------------------------------------+
; Analysis & Synthesis Settings                                                                              ;
+------------------------------------------------------------------+--------------------+--------------------+
; Option                                                           ; Setting            ; Default Value      ;
+------------------------------------------------------------------+--------------------+--------------------+
; Top-level entity name                                            ; timer              ; timer              ;
; Family name                                                      ; Cyclone IV E       ; Cyclone V          ;
; Use smart compilation                                            ; Off                ; Off                ;
; Enable parallel Assembler and Timing Analyzer during compilation ; On                 ; On                 ;
; Enable compact report table                                      ; Off                ; Off                ;
; Restructure Multiplexers                                         ; Auto               ; Auto               ;
; Create Debugging Nodes for IP Cores                              ; Off                ; Off                ;
; Preserve fewer node names                                        ; On                 ; On                 ;
; Intel FPGA IP Evaluation Mode                                    ; Enable             ; Enable             ;
; Verilog Version                                                  ; Verilog_2001       ; Verilog_2001       ;
; VHDL Version                                                     ; VHDL_1993          ; VHDL_1993          ;
; State Machine Processing                                         ; Auto               ; Auto               ;
; Safe State Machine                                               ; Off                ; Off                ;
; Extract Verilog State Machines                                   ; On                 ; On                 ;
; Extract VHDL State Machines                                      ; On                 ; On                 ;
; Ignore Verilog initial constructs                                ; Off                ; Off                ;
; Iteration limit for constant Verilog loops                       ; 5000               ; 5000               ;
; Iteration limit for non-constant Verilog loops                   ; 250                ; 250                ;
; Add Pass-Through Logic to Inferred RAMs                          ; On                 ; On                 ;
; Infer RAMs from Raw Logic                                        ; On                 ; On                 ;
; Parallel Synthesis                                               ; On                 ; On                 ;
; DSP Block Balancing                                              ; Auto               ; Auto               ;
; NOT Gate Push-Back                                               ; On                 ; On                 ;
; Power-Up Don't Care                                              ; On                 ; On                 ;
; Remove Redundant Logic Cells                                     ; Off                ; Off                ;
; Remove Duplicate Registers                                       ; On                 ; On                 ;
; Ignore CARRY Buffers                                             ; Off                ; Off                ;
; Ignore CASCADE Buffers                                           ; Off                ; Off                ;
; Ignore GLOBAL Buffers                                            ; Off                ; Off                ;
; Ignore ROW GLOBAL Buffers                                        ; Off                ; Off                ;
; Ignore LCELL Buffers                                             ; Off                ; Off                ;
; Ignore SOFT Buffers                                              ; On                 ; On                 ;
; Limit AHDL Integers to 32 Bits                                   ; Off                ; Off                ;
; Optimization Technique                                           ; Balanced           ; Balanced           ;
; Carry Chain Length                                               ; 70                 ; 70                 ;
; Auto Carry Chains                                                ; On                 ; On                 ;
; Auto Open-Drain Pins                                             ; On                 ; On                 ;
; Perform WYSIWYG Primitive Resynthesis                            ; Off                ; Off                ;
; Auto ROM Replacement                                             ; On                 ; On                 ;
; Auto RAM Replacement                                             ; On                 ; On                 ;
; Auto DSP Block Replacement                                       ; On                 ; On                 ;
; Auto Shift Register Replacement                                  ; Auto               ; Auto               ;
; Allow Shift Register Merging across Hierarchies                  ; Auto               ; Auto               ;
; Auto Clock Enable Replacement                                    ; On                 ; On                 ;
; Strict RAM Replacement                                           ; Off                ; Off                ;
; Allow Synchronous Control Signals                                ; On                 ; On                 ;
; Force Use of Synchronous Clear Signals                           ; Off                ; Off                ;
; Auto RAM Block Balancing                                         ; On                 ; On                 ;
; Auto RAM to Logic Cell Conversion                                ; Off                ; Off                ;
; Auto Resource Sharing                                            ; Off                ; Off                ;
; Allow Any RAM Size For Recognition                               ; Off                ; Off                ;
; Allow Any ROM Size For Recognition                               ; Off                ; Off                ;
; Allow Any Shift Register Size For Recognition                    ; Off                ; Off                ;
; Use LogicLock Constraints during Resource Balancing              ; On                 ; On                 ;
; Ignore translate_off and synthesis_off directives                ; Off                ; Off                ;
; Timing-Driven Synthesis                                          ; On                 ; On                 ;
; Report Parameter Settings                                        ; On                 ; On                 ;
; Report Source Assignments                                        ; On                 ; On                 ;
; Report Connectivity Checks                                       ; On                 ; On                 ;
; Ignore Maximum Fan-Out Assignments                               ; Off                ; Off                ;
; Synchronization Register Chain Length                            ; 2                  ; 2                  ;
; Power Optimization During Synthesis                              ; Normal compilation ; Normal compilation ;
; HDL message level                                                ; Level2             ; Level2             ;
; Suppress Register Optimization Related Messages                  ; Off                ; Off                ;
; Number of Removed Registers Reported in Synthesis Report         ; 5000               ; 5000               ;
; Number of Swept Nodes Reported in Synthesis Report               ; 5000               ; 5000               ;
; Number of Inverted Registers Reported in Synthesis Report        ; 100                ; 100                ;
; Clock MUX Protection                                             ; On                 ; On                 ;
; Auto Gated Clock Conversion                                      ; Off                ; Off                ;
; Block Design Naming                                              ; Auto               ; Auto               ;
; SDC constraint protection                                        ; Off                ; Off                ;
; Synthesis Effort                                                 ; Auto               ; Auto               ;
; Shift Register Replacement - Allow Asynchronous Clear Signal     ; On                 ; On                 ;
; Pre-Mapping Resynthesis Optimization                             ; Off                ; Off                ;
; Analysis & Synthesis Message Level                               ; Medium             ; Medium             ;
; Disable Register Merging Across Hierarchies                      ; Auto               ; Auto               ;
; Resource Aware Inference For Block RAM                           ; On                 ; On                 ;
+------------------------------------------------------------------+--------------------+--------------------+


+------------------------------------------+
; Parallel Compilation                     ;
+----------------------------+-------------+
; Processors                 ; Number      ;
+----------------------------+-------------+
; Number detected on machine ; 16          ;
; Maximum allowed            ; 8           ;
;                            ;             ;
; Average used               ; 1.00        ;
; Maximum used               ; 8           ;
;                            ;             ;
; Usage by Processor         ; % Time Used ;
;     Processor 1            ; 100.0%      ;
;     Processors 2-8         ;   0.0%      ;
+----------------------------+-------------+


+------------------------------------------------------------------------------------------------------------------------------------------+
; Analysis & Synthesis Source Files Read                                                                                                   ;
+----------------------------------+-----------------+------------------------+--------------------------------------------------+---------+
; File Name with User-Entered Path ; Used in Netlist ; File Type              ; File Name with Absolute Path                     ; Library ;
+----------------------------------+-----------------+------------------------+--------------------------------------------------+---------+
; ../jishiqi/top_module.v          ; yes             ; User Verilog HDL File  ; D:/intelFPGA/18.0/quartus/jishiqi/top_module.v   ;         ;
; ../jishiqi/num_7seg.v            ; yes             ; User Verilog HDL File  ; D:/intelFPGA/18.0/quartus/jishiqi/num_7seg.v     ;         ;
; ../jishiqi/key_inverter.v        ; yes             ; User Verilog HDL File  ; D:/intelFPGA/18.0/quartus/jishiqi/key_inverter.v ;         ;
; ../jishiqi/key_debounce.v        ; yes             ; User Verilog HDL File  ; D:/intelFPGA/18.0/quartus/jishiqi/key_debounce.v ;         ;
; ../jishiqi/counter99.v           ; yes             ; User Verilog HDL File  ; D:/intelFPGA/18.0/quartus/jishiqi/counter99.v    ;         ;
; ../jishiqi/counter59.v           ; yes             ; User Verilog HDL File  ; D:/intelFPGA/18.0/quartus/jishiqi/counter59.v    ;         ;
; ../jishiqi/counter9.v            ; yes             ; User Verilog HDL File  ; D:/intelFPGA/18.0/quartus/jishiqi/counter9.v     ;         ;
; ../jishiqi/counter5.v            ; yes             ; User Verilog HDL File  ; D:/intelFPGA/18.0/quartus/jishiqi/counter5.v     ;         ;
; ../jishiqi/counter.v             ; yes             ; User Verilog HDL File  ; D:/intelFPGA/18.0/quartus/jishiqi/counter.v      ;         ;
; ../jishiqi/clk10.v               ; yes             ; User Verilog HDL File  ; D:/intelFPGA/18.0/quartus/jishiqi/clk10.v        ;         ;
+----------------------------------+-----------------+------------------------+--------------------------------------------------+---------+


+---------------------------------------------------------+
; Analysis & Synthesis Resource Usage Summary             ;
+---------------------------------------------+-----------+
; Resource                                    ; Usage     ;
+---------------------------------------------+-----------+
; Estimated Total logic elements              ; 132       ;
;                                             ;           ;
; Total combinational functions               ; 132       ;
; Logic element usage by number of LUT inputs ;           ;
;     -- 4 input functions                    ; 78        ;
;     -- 3 input functions                    ; 18        ;
;     -- <=2 input functions                  ; 36        ;
;                                             ;           ;
; Logic elements by mode                      ;           ;
;     -- normal mode                          ; 113       ;
;     -- arithmetic mode                      ; 19        ;
;                                             ;           ;
; Total registers                             ; 54        ;
;     -- Dedicated logic registers            ; 54        ;
;     -- I/O registers                        ; 0         ;
;                                             ;           ;
; I/O pins                                    ; 45        ;
;                                             ;           ;
; Embedded Multiplier 9-bit elements          ; 0         ;
;                                             ;           ;
; Maximum fan-out node                        ; rst~input ;
; Maximum fan-out                             ; 41        ;
; Total fan-out                               ; 700       ;
; Average fan-out                             ; 2.54      ;
+---------------------------------------------+-----------+


+--------------------------------------------------------------------------------------------------------------------------------------------------------------------------------------------------------------------------------------------------------------------+
; Analysis & Synthesis Resource Utilization by Entity                                                                                                                                                                                                                ;
+------------------------------------+---------------------+---------------------------+-------------+--------------+---------+-----------+------+--------------+----------------------------------------------------------------------+--------------+--------------+
; Compilation Hierarchy Node         ; Combinational ALUTs ; Dedicated Logic Registers ; Memory Bits ; DSP Elements ; DSP 9x9 ; DSP 18x18 ; Pins ; Virtual Pins ; Full Hierarchy Name                                                  ; Entity Name  ; Library Name ;
+------------------------------------+---------------------+---------------------------+-------------+--------------+---------+-----------+------+--------------+----------------------------------------------------------------------+--------------+--------------+
; |timer                             ; 132 (0)             ; 54 (0)                    ; 0           ; 0            ; 0       ; 0         ; 45   ; 0            ; |timer                                                               ; timer        ; work         ;
;    |Count:u_Count|                 ; 49 (3)              ; 24 (0)                    ; 0           ; 0            ; 0       ; 0         ; 0    ; 0            ; |timer|Count:u_Count                                                 ; Count        ; work         ;
;       |BCDcount59:u_BCDcount59_1|  ; 16 (0)              ; 8 (0)                     ; 0           ; 0            ; 0       ; 0         ; 0    ; 0            ; |timer|Count:u_Count|BCDcount59:u_BCDcount59_1                       ; BCDcount59   ; work         ;
;          |BCDcount5:u_BCDcount5|   ; 9 (9)               ; 4 (4)                     ; 0           ; 0            ; 0       ; 0         ; 0    ; 0            ; |timer|Count:u_Count|BCDcount59:u_BCDcount59_1|BCDcount5:u_BCDcount5 ; BCDcount5    ; work         ;
;          |BCDcount9:u_BCDcount9|   ; 7 (7)               ; 4 (4)                     ; 0           ; 0            ; 0       ; 0         ; 0    ; 0            ; |timer|Count:u_Count|BCDcount59:u_BCDcount59_1|BCDcount9:u_BCDcount9 ; BCDcount9    ; work         ;
;       |BCDcount59:u_BCDcount59_2|  ; 15 (0)              ; 8 (0)                     ; 0           ; 0            ; 0       ; 0         ; 0    ; 0            ; |timer|Count:u_Count|BCDcount59:u_BCDcount59_2                       ; BCDcount59   ; work         ;
;          |BCDcount5:u_BCDcount5|   ; 8 (8)               ; 4 (4)                     ; 0           ; 0            ; 0       ; 0         ; 0    ; 0            ; |timer|Count:u_Count|BCDcount59:u_BCDcount59_2|BCDcount5:u_BCDcount5 ; BCDcount5    ; work         ;
;          |BCDcount9:u_BCDcount9|   ; 7 (7)               ; 4 (4)                     ; 0           ; 0            ; 0       ; 0         ; 0    ; 0            ; |timer|Count:u_Count|BCDcount59:u_BCDcount59_2|BCDcount9:u_BCDcount9 ; BCDcount9    ; work         ;
;       |BCDcount99:u_BCDcount99|    ; 15 (2)              ; 8 (0)                     ; 0           ; 0            ; 0       ; 0         ; 0    ; 0            ; |timer|Count:u_Count|BCDcount99:u_BCDcount99                         ; BCDcount99   ; work         ;
;          |BCDcount9:u_BCDcount9_1| ; 7 (7)               ; 4 (4)                     ; 0           ; 0            ; 0       ; 0         ; 0    ; 0            ; |timer|Count:u_Count|BCDcount99:u_BCDcount99|BCDcount9:u_BCDcount9_1 ; BCDcount9    ; work         ;
;          |BCDcount9:u_BCDcount9_2| ; 6 (6)               ; 4 (4)                     ; 0           ; 0            ; 0       ; 0         ; 0    ; 0            ; |timer|Count:u_Count|BCDcount99:u_BCDcount99|BCDcount9:u_BCDcount9_2 ; BCDcount9    ; work         ;
;    |clk10:u_clk10|                 ; 7 (7)               ; 5 (5)                     ; 0           ; 0            ; 0       ; 0         ; 0    ; 0            ; |timer|clk10:u_clk10                                                 ; clk10        ; work         ;
;    |key_debounce:u_key_debounce|   ; 33 (33)             ; 24 (24)                   ; 0           ; 0            ; 0       ; 0         ; 0    ; 0            ; |timer|key_debounce:u_key_debounce                                   ; key_debounce ; work         ;
;    |key_inverter:u_key_inverter|   ; 1 (1)               ; 1 (1)                     ; 0           ; 0            ; 0       ; 0         ; 0    ; 0            ; |timer|key_inverter:u_key_inverter                                   ; key_inverter ; work         ;
;    |num_7seg:u_num_7seg_1|         ; 7 (7)               ; 0 (0)                     ; 0           ; 0            ; 0       ; 0         ; 0    ; 0            ; |timer|num_7seg:u_num_7seg_1                                         ; num_7seg     ; work         ;
;    |num_7seg:u_num_7seg_2|         ; 7 (7)               ; 0 (0)                     ; 0           ; 0            ; 0       ; 0         ; 0    ; 0            ; |timer|num_7seg:u_num_7seg_2                                         ; num_7seg     ; work         ;
;    |num_7seg:u_num_7seg_3|         ; 7 (7)               ; 0 (0)                     ; 0           ; 0            ; 0       ; 0         ; 0    ; 0            ; |timer|num_7seg:u_num_7seg_3                                         ; num_7seg     ; work         ;
;    |num_7seg:u_num_7seg_4|         ; 7 (7)               ; 0 (0)                     ; 0           ; 0            ; 0       ; 0         ; 0    ; 0            ; |timer|num_7seg:u_num_7seg_4                                         ; num_7seg     ; work         ;
;    |num_7seg:u_num_7seg_5|         ; 7 (7)               ; 0 (0)                     ; 0           ; 0            ; 0       ; 0         ; 0    ; 0            ; |timer|num_7seg:u_num_7seg_5                                         ; num_7seg     ; work         ;
;    |num_7seg:u_num_7seg_6|         ; 7 (7)               ; 0 (0)                     ; 0           ; 0            ; 0       ; 0         ; 0    ; 0            ; |timer|num_7seg:u_num_7seg_6                                         ; num_7seg     ; work         ;
+------------------------------------+---------------------+---------------------------+-------------+--------------+---------+-----------+------+--------------+----------------------------------------------------------------------+--------------+--------------+
Note: For table entries with two numbers listed, the numbers in parentheses indicate the number of resources of the given type used by the specific entity alone. The numbers listed outside of parentheses indicate the total resources of the given type used by the specific entity and all of its sub-entities in the hierarchy.


+------------------------------------------------------+
; General Register Statistics                          ;
+----------------------------------------------+-------+
; Statistic                                    ; Value ;
+----------------------------------------------+-------+
; Total registers                              ; 54    ;
; Number of registers using Synchronous Clear  ; 24    ;
; Number of registers using Synchronous Load   ; 0     ;
; Number of registers using Asynchronous Clear ; 0     ;
; Number of registers using Asynchronous Load  ; 0     ;
; Number of registers using Clock Enable       ; 44    ;
; Number of registers using Preset             ; 0     ;
+----------------------------------------------+-------+


+---------------------------------------------------------------------------------------------------------------------------------------------------------------------------------------------+
; Multiplexer Restructuring Statistics (Restructuring Performed)                                                                                                                              ;
+--------------------+-----------+---------------+----------------------+------------------------+------------+-------------------------------------------------------------------------------+
; Multiplexer Inputs ; Bus Width ; Baseline Area ; Area if Restructured ; Saving if Restructured ; Registered ; Example Multiplexer Output                                                    ;
+--------------------+-----------+---------------+----------------------+------------------------+------------+-------------------------------------------------------------------------------+
; 3:1                ; 4 bits    ; 8 LEs         ; 4 LEs                ; 4 LEs                  ; Yes        ; |timer|clk10:u_clk10|count[0]                                                 ;
; 4:1                ; 4 bits    ; 8 LEs         ; 4 LEs                ; 4 LEs                  ; Yes        ; |timer|Count:u_Count|BCDcount59:u_BCDcount59_1|BCDcount5:u_BCDcount5|count[3] ;
; 4:1                ; 4 bits    ; 8 LEs         ; 4 LEs                ; 4 LEs                  ; Yes        ; |timer|Count:u_Count|BCDcount59:u_BCDcount59_1|BCDcount9:u_BCDcount9|count[3] ;
; 4:1                ; 4 bits    ; 8 LEs         ; 4 LEs                ; 4 LEs                  ; Yes        ; |timer|Count:u_Count|BCDcount59:u_BCDcount59_2|BCDcount5:u_BCDcount5|count[3] ;
; 4:1                ; 4 bits    ; 8 LEs         ; 4 LEs                ; 4 LEs                  ; Yes        ; |timer|Count:u_Count|BCDcount59:u_BCDcount59_2|BCDcount9:u_BCDcount9|count[3] ;
; 4:1                ; 4 bits    ; 8 LEs         ; 4 LEs                ; 4 LEs                  ; Yes        ; |timer|Count:u_Count|BCDcount99:u_BCDcount99|BCDcount9:u_BCDcount9_1|count[3] ;
; 4:1                ; 4 bits    ; 8 LEs         ; 4 LEs                ; 4 LEs                  ; Yes        ; |timer|Count:u_Count|BCDcount99:u_BCDcount99|BCDcount9:u_BCDcount9_2|count[1] ;
; 4:1                ; 20 bits   ; 40 LEs        ; 20 LEs               ; 20 LEs                 ; Yes        ; |timer|key_debounce:u_key_debounce|cnt[1]                                     ;
+--------------------+-----------+---------------+----------------------+------------------------+------------+-------------------------------------------------------------------------------+


+--------------------------------------------------------------------------+
; Parameter Settings for User Entity Instance: key_debounce:u_key_debounce ;
+----------------+----------------------+----------------------------------+
; Parameter Name ; Value                ; Type                             ;
+----------------+----------------------+----------------------------------+
; MAX_CNT        ; 11110100001001000000 ; Unsigned Binary                  ;
+----------------+----------------------+----------------------------------+
Note: In order to hide this table in the UI and the text report file, please set the "Show Parameter Settings in Synthesis Report" option in "Analysis and Synthesis Settings -> More Settings" to "Off".


+----------------------------------------------------------------------------------------------------------------+
; Port Connectivity Checks: "Count:u_Count|BCDcount99:u_BCDcount99|BCDcount9:u_BCDcount9_1"                      ;
+------+--------+----------+-------------------------------------------------------------------------------------+
; Port ; Type   ; Severity ; Details                                                                             ;
+------+--------+----------+-------------------------------------------------------------------------------------+
; eno  ; Output ; Info     ; Connected to dangling logic. Logic that only feeds a dangling port will be removed. ;
+------+--------+----------+-------------------------------------------------------------------------------------+


+----------------------------------------------------------------------------------------------------------------+
; Port Connectivity Checks: "Count:u_Count|BCDcount59:u_BCDcount59_1|BCDcount5:u_BCDcount5"                      ;
+------+--------+----------+-------------------------------------------------------------------------------------+
; Port ; Type   ; Severity ; Details                                                                             ;
+------+--------+----------+-------------------------------------------------------------------------------------+
; eno  ; Output ; Info     ; Connected to dangling logic. Logic that only feeds a dangling port will be removed. ;
+------+--------+----------+-------------------------------------------------------------------------------------+


+----------------------------------------------------------------------------------------------------------------+
; Port Connectivity Checks: "Count:u_Count|BCDcount59:u_BCDcount59_1"                                            ;
+------+--------+----------+-------------------------------------------------------------------------------------+
; Port ; Type   ; Severity ; Details                                                                             ;
+------+--------+----------+-------------------------------------------------------------------------------------+
; eno  ; Output ; Info     ; Connected to dangling logic. Logic that only feeds a dangling port will be removed. ;
+------+--------+----------+-------------------------------------------------------------------------------------+


+-----------------------------------------------------+
; Post-Synthesis Netlist Statistics for Top Partition ;
+-----------------------+-----------------------------+
; Type                  ; Count                       ;
+-----------------------+-----------------------------+
; boundary_port         ; 45                          ;
; cycloneiii_ff         ; 54                          ;
;     ENA               ; 24                          ;
;     ENA SCLR          ; 20                          ;
;     SCLR              ; 4                           ;
;     plain             ; 6                           ;
; cycloneiii_lcell_comb ; 138                         ;
;     arith             ; 19                          ;
;         2 data inputs ; 19                          ;
;     normal            ; 119                         ;
;         1 data inputs ; 7                           ;
;         2 data inputs ; 16                          ;
;         3 data inputs ; 18                          ;
;         4 data inputs ; 78                          ;
;                       ;                             ;
; Max LUT depth         ; 4.00                        ;
; Average LUT depth     ; 2.16                        ;
+-----------------------+-----------------------------+


+-------------------------------+
; Elapsed Time Per Partition    ;
+----------------+--------------+
; Partition Name ; Elapsed Time ;
+----------------+--------------+
; Top            ; 00:00:00     ;
+----------------+--------------+


+-------------------------------+
; Analysis & Synthesis Messages ;
+-------------------------------+
Info: *******************************************************************
Info: Running Quartus Prime Analysis & Synthesis
    Info: Version 18.0.0 Build 614 04/24/2018 SJ Standard Edition
    Info: Processing started: Wed Sep 04 18:32:05 2024
Info: Command: quartus_map --read_settings_files=on --write_settings_files=off timer -c timer
Warning (18236): Number of processors has not been specified which may cause overloading on shared machines.  Set the global assignment NUM_PARALLEL_PROCESSORS in your QSF to an appropriate value for best performance.
Info (20030): Parallel compilation is enabled and will use 8 of the 8 processors detected
Info (12021): Found 1 design units, including 1 entities, in source file /intelfpga/18.0/quartus/jishiqi/top_module.v
    Info (12023): Found entity 1: timer File: D:/intelFPGA/18.0/quartus/jishiqi/top_module.v Line: 1
Info (12021): Found 1 design units, including 1 entities, in source file /intelfpga/18.0/quartus/jishiqi/num_7seg.v
    Info (12023): Found entity 1: num_7seg File: D:/intelFPGA/18.0/quartus/jishiqi/num_7seg.v Line: 1
Info (12021): Found 1 design units, including 1 entities, in source file /intelfpga/18.0/quartus/jishiqi/key_inverter.v
    Info (12023): Found entity 1: key_inverter File: D:/intelFPGA/18.0/quartus/jishiqi/key_inverter.v Line: 1
Info (12021): Found 1 design units, including 1 entities, in source file /intelfpga/18.0/quartus/jishiqi/key_debounce.v
    Info (12023): Found entity 1: key_debounce File: D:/intelFPGA/18.0/quartus/jishiqi/key_debounce.v Line: 1
Info (12021): Found 1 design units, including 1 entities, in source file /intelfpga/18.0/quartus/jishiqi/counter99.v
    Info (12023): Found entity 1: BCDcount99 File: D:/intelFPGA/18.0/quartus/jishiqi/counter99.v Line: 1
Info (12021): Found 1 design units, including 1 entities, in source file /intelfpga/18.0/quartus/jishiqi/counter59.v
    Info (12023): Found entity 1: BCDcount59 File: D:/intelFPGA/18.0/quartus/jishiqi/counter59.v Line: 1
Info (12021): Found 1 design units, including 1 entities, in source file /intelfpga/18.0/quartus/jishiqi/counter9.v
    Info (12023): Found entity 1: BCDcount9 File: D:/intelFPGA/18.0/quartus/jishiqi/counter9.v Line: 1
Info (12021): Found 1 design units, including 1 entities, in source file /intelfpga/18.0/quartus/jishiqi/counter5.v
    Info (12023): Found entity 1: BCDcount5 File: D:/intelFPGA/18.0/quartus/jishiqi/counter5.v Line: 1
Info (12021): Found 1 design units, including 1 entities, in source file /intelfpga/18.0/quartus/jishiqi/counter.v
    Info (12023): Found entity 1: Count File: D:/intelFPGA/18.0/quartus/jishiqi/counter.v Line: 1
Info (12021): Found 1 design units, including 1 entities, in source file /intelfpga/18.0/quartus/jishiqi/clk10.v
    Info (12023): Found entity 1: clk10 File: D:/intelFPGA/18.0/quartus/jishiqi/clk10.v Line: 1
Info (12127): Elaborating entity "timer" for the top level hierarchy
Info (12128): Elaborating entity "clk10" for hierarchy "clk10:u_clk10" File: D:/intelFPGA/18.0/quartus/jishiqi/top_module.v Line: 14
Warning (10230): Verilog HDL assignment warning at clk10.v(17): truncated value with size 32 to match size of target (4) File: D:/intelFPGA/18.0/quartus/jishiqi/clk10.v Line: 17
Info (12128): Elaborating entity "key_debounce" for hierarchy "key_debounce:u_key_debounce" File: D:/intelFPGA/18.0/quartus/jishiqi/top_module.v Line: 15
Warning (10230): Verilog HDL assignment warning at key_debounce.v(63): truncated value with size 32 to match size of target (20) File: D:/intelFPGA/18.0/quartus/jishiqi/key_debounce.v Line: 63
Info (12128): Elaborating entity "key_inverter" for hierarchy "key_inverter:u_key_inverter" File: D:/intelFPGA/18.0/quartus/jishiqi/top_module.v Line: 16
Info (12128): Elaborating entity "Count" for hierarchy "Count:u_Count" File: D:/intelFPGA/18.0/quartus/jishiqi/top_module.v Line: 17
Info (12128): Elaborating entity "BCDcount59" for hierarchy "Count:u_Count|BCDcount59:u_BCDcount59_1" File: D:/intelFPGA/18.0/quartus/jishiqi/counter.v Line: 7
Info (12128): Elaborating entity "BCDcount5" for hierarchy "Count:u_Count|BCDcount59:u_BCDcount59_1|BCDcount5:u_BCDcount5" File: D:/intelFPGA/18.0/quartus/jishiqi/counter59.v Line: 8
Warning (10230): Verilog HDL assignment warning at counter5.v(14): truncated value with size 32 to match size of target (4) File: D:/intelFPGA/18.0/quartus/jishiqi/counter5.v Line: 14
Info (12128): Elaborating entity "BCDcount9" for hierarchy "Count:u_Count|BCDcount59:u_BCDcount59_1|BCDcount9:u_BCDcount9" File: D:/intelFPGA/18.0/quartus/jishiqi/counter59.v Line: 9
Warning (10230): Verilog HDL assignment warning at counter9.v(14): truncated value with size 32 to match size of target (4) File: D:/intelFPGA/18.0/quartus/jishiqi/counter9.v Line: 14
Info (12128): Elaborating entity "BCDcount99" for hierarchy "Count:u_Count|BCDcount99:u_BCDcount99" File: D:/intelFPGA/18.0/quartus/jishiqi/counter.v Line: 9
Info (12128): Elaborating entity "num_7seg" for hierarchy "num_7seg:u_num_7seg_1" File: D:/intelFPGA/18.0/quartus/jishiqi/top_module.v Line: 18
Info (286030): Timing-Driven Synthesis is running
Info (144001): Generated suppressed messages file D:/intelFPGA/18.0/quartus/timer/output_files/timer.map.smsg
Info (16010): Generating hard_block partition "hard_block:auto_generated_inst"
    Info (16011): Adding 0 node(s), including 0 DDIO, 0 PLL, 0 transceiver and 0 LCELL
Info (21057): Implemented 177 device resources after synthesis - the final resource count might be different
    Info (21058): Implemented 3 input pins
    Info (21059): Implemented 42 output pins
    Info (21061): Implemented 132 logic cells
Info: Quartus Prime Analysis & Synthesis was successful. 0 errors, 5 warnings
    Info: Peak virtual memory: 4806 megabytes
    Info: Processing ended: Wed Sep 04 18:32:12 2024
    Info: Elapsed time: 00:00:07
    Info: Total CPU time (on all processors): 00:00:16


+------------------------------------------+
; Analysis & Synthesis Suppressed Messages ;
+------------------------------------------+
The suppressed messages can be found in D:/intelFPGA/18.0/quartus/timer/output_files/timer.map.smsg.


